d:\code\c++\lesson4easytshark\lesson4easytshark\x64\debug\vc143.pdb
d:\code\c++\lesson4easytshark\lesson4easytshark\x64\debug\vc143.idb
d:\code\c++\lesson4easytshark\lesson4easytshark\x64\debug\tsharkmanager.obj
d:\code\c++\lesson4easytshark\lesson4easytshark\x64\debug\loguru.obj
d:\code\c++\lesson4easytshark\lesson4easytshark\x64\debug\xdb_search.obj
d:\code\c++\lesson4easytshark\lesson4easytshark\x64\debug\xdb_bench.obj
d:\code\c++\lesson4easytshark\lesson4easytshark\x64\debug\lesson4easytshark.obj
d:\code\c++\lesson4easytshark\lesson4easytshark\x64\debug\ip2region_util.obj
d:\code\c++\lesson4easytshark\lesson4easytshark\x64\debug\ip2locationtest.obj
d:\code\c++\lesson4easytshark\lesson4easytshark\x64\debug\hexinforead.obj
d:\code\c++\lesson4easytshark\lesson4easytshark\x64\debug\sqlite3.obj
d:\code\c++\lesson4easytshark\lesson4easytshark\x64\debug\processutil.obj
d:\code\c++\lesson4easytshark\x64\debug\lesson4easytshark.exe
d:\code\c++\lesson4easytshark\x64\debug\lesson4easytshark.pdb
d:\code\c++\lesson4easytshark\lesson4easytshark\x64\debug\lesson4easytshark.ilk
d:\code\c++\lesson4easytshark\lesson4easytshark\x64\debug\lesson4e.b54fa112.tlog\cl.command.1.tlog
d:\code\c++\lesson4easytshark\lesson4easytshark\x64\debug\lesson4e.b54fa112.tlog\cl.items.tlog
d:\code\c++\lesson4easytshark\lesson4easytshark\x64\debug\lesson4e.b54fa112.tlog\cl.read.1.tlog
d:\code\c++\lesson4easytshark\lesson4easytshark\x64\debug\lesson4e.b54fa112.tlog\cl.write.1.tlog
d:\code\c++\lesson4easytshark\lesson4easytshark\x64\debug\lesson4e.b54fa112.tlog\link.command.1.tlog
d:\code\c++\lesson4easytshark\lesson4easytshark\x64\debug\lesson4e.b54fa112.tlog\link.read.1.tlog
d:\code\c++\lesson4easytshark\lesson4easytshark\x64\debug\lesson4e.b54fa112.tlog\link.secondary.1.tlog
d:\code\c++\lesson4easytshark\lesson4easytshark\x64\debug\lesson4e.b54fa112.tlog\link.write.1.tlog
