  Lesson4EasyTshark.cpp
D:\Code\c++\Lesson4EasyTshark\Lesson4EasyTshark\TsharkManager.h(1,1): warning C4828: 文件包含在偏移 0x250 处开始的字符，该字符在当前源字符集中无效(代码页 65001)。
  (编译源文件“Lesson4EasyTshark.cpp”)
  
D:\Code\c++\Lesson4EasyTshark\Lesson4EasyTshark\TsharkManager.h(1,1): warning C4828: 文件包含在偏移 0x251 处开始的字符，该字符在当前源字符集中无效(代码页 65001)。
  (编译源文件“Lesson4EasyTshark.cpp”)
  
D:\Code\c++\Lesson4EasyTshark\Lesson4EasyTshark\TsharkManager.h(1,1): warning C4828: 文件包含在偏移 0x253 处开始的字符，该字符在当前源字符集中无效(代码页 65001)。
  (编译源文件“Lesson4EasyTshark.cpp”)
  
D:\Code\c++\Lesson4EasyTshark\Lesson4EasyTshark\TsharkManager.h(1,1): warning C4828: 文件包含在偏移 0x259 处开始的字符，该字符在当前源字符集中无效(代码页 65001)。
  (编译源文件“Lesson4EasyTshark.cpp”)
  
D:\Code\c++\Lesson4EasyTshark\Lesson4EasyTshark\TsharkManager.h(1,1): warning C4828: 文件包含在偏移 0x25a 处开始的字符，该字符在当前源字符集中无效(代码页 65001)。
  (编译源文件“Lesson4EasyTshark.cpp”)
  
D:\Code\c++\Lesson4EasyTshark\Lesson4EasyTshark\TsharkManager.h(1,1): warning C4828: 文件包含在偏移 0x25c 处开始的字符，该字符在当前源字符集中无效(代码页 65001)。
  (编译源文件“Lesson4EasyTshark.cpp”)
  
D:\Code\c++\Lesson4EasyTshark\Lesson4EasyTshark\TsharkManager.h(1,1): warning C4828: 文件包含在偏移 0x25d 处开始的字符，该字符在当前源字符集中无效(代码页 65001)。
  (编译源文件“Lesson4EasyTshark.cpp”)
  
D:\Code\c++\Lesson4EasyTshark\Lesson4EasyTshark\TsharkManager.h(1,1): warning C4828: 文件包含在偏移 0x297 处开始的字符，该字符在当前源字符集中无效(代码页 65001)。
  (编译源文件“Lesson4EasyTshark.cpp”)
  
D:\Code\c++\Lesson4EasyTshark\Lesson4EasyTshark\TsharkManager.h(1,1): warning C4828: 文件包含在偏移 0x298 处开始的字符，该字符在当前源字符集中无效(代码页 65001)。
  (编译源文件“Lesson4EasyTshark.cpp”)
  
D:\Code\c++\Lesson4EasyTshark\Lesson4EasyTshark\TsharkManager.h(1,1): warning C4828: 文件包含在偏移 0x29c 处开始的字符，该字符在当前源字符集中无效(代码页 65001)。
  (编译源文件“Lesson4EasyTshark.cpp”)
  
D:\Code\c++\Lesson4EasyTshark\Lesson4EasyTshark\TsharkManager.h(1,1): warning C4828: 文件包含在偏移 0x29d 处开始的字符，该字符在当前源字符集中无效(代码页 65001)。
  (编译源文件“Lesson4EasyTshark.cpp”)
  
D:\Code\c++\Lesson4EasyTshark\Lesson4EasyTshark\TsharkManager.h(1,1): warning C4828: 文件包含在偏移 0x29f 处开始的字符，该字符在当前源字符集中无效(代码页 65001)。
  (编译源文件“Lesson4EasyTshark.cpp”)
  
D:\Code\c++\Lesson4EasyTshark\Lesson4EasyTshark\TsharkManager.h(1,1): warning C4828: 文件包含在偏移 0x2a1 处开始的字符，该字符在当前源字符集中无效(代码页 65001)。
  (编译源文件“Lesson4EasyTshark.cpp”)
  
D:\Code\c++\Lesson4EasyTshark\Lesson4EasyTshark\TsharkManager.h(1,1): warning C4828: 文件包含在偏移 0x2a4 处开始的字符，该字符在当前源字符集中无效(代码页 65001)。
  (编译源文件“Lesson4EasyTshark.cpp”)
  
D:\Code\c++\Lesson4EasyTshark\Lesson4EasyTshark\TsharkManager.h(1,1): warning C4828: 文件包含在偏移 0x2a5 处开始的字符，该字符在当前源字符集中无效(代码页 65001)。
  (编译源文件“Lesson4EasyTshark.cpp”)
  
D:\Code\c++\Lesson4EasyTshark\Lesson4EasyTshark\TsharkManager.h(1,1): warning C4828: 文件包含在偏移 0x2a6 处开始的字符，该字符在当前源字符集中无效(代码页 65001)。
  (编译源文件“Lesson4EasyTshark.cpp”)
  
D:\Code\c++\Lesson4EasyTshark\Lesson4EasyTshark\TsharkManager.h(1,1): warning C4828: 文件包含在偏移 0x2a8 处开始的字符，该字符在当前源字符集中无效(代码页 65001)。
  (编译源文件“Lesson4EasyTshark.cpp”)
  
D:\Code\c++\Lesson4EasyTshark\Lesson4EasyTshark\TsharkManager.h(1,1): warning C4828: 文件包含在偏移 0x2aa 处开始的字符，该字符在当前源字符集中无效(代码页 65001)。
  (编译源文件“Lesson4EasyTshark.cpp”)
  
D:\Code\c++\Lesson4EasyTshark\Lesson4EasyTshark\TsharkManager.h(1,1): warning C4828: 文件包含在偏移 0x2d3 处开始的字符，该字符在当前源字符集中无效(代码页 65001)。
  (编译源文件“Lesson4EasyTshark.cpp”)
  
D:\Code\c++\Lesson4EasyTshark\Lesson4EasyTshark\TsharkManager.h(1,1): warning C4828: 文件包含在偏移 0x2d4 处开始的字符，该字符在当前源字符集中无效(代码页 65001)。
  (编译源文件“Lesson4EasyTshark.cpp”)
  
D:\Code\c++\Lesson4EasyTshark\Lesson4EasyTshark\TsharkManager.h(1,1): warning C4828: 文件包含在偏移 0x2d8 处开始的字符，该字符在当前源字符集中无效(代码页 65001)。
  (编译源文件“Lesson4EasyTshark.cpp”)
  
D:\Code\c++\Lesson4EasyTshark\Lesson4EasyTshark\TsharkManager.h(1,1): warning C4828: 文件包含在偏移 0x2d9 处开始的字符，该字符在当前源字符集中无效(代码页 65001)。
  (编译源文件“Lesson4EasyTshark.cpp”)
  
D:\Code\c++\Lesson4EasyTshark\Lesson4EasyTshark\TsharkManager.h(1,1): warning C4828: 文件包含在偏移 0x2da 处开始的字符，该字符在当前源字符集中无效(代码页 65001)。
  (编译源文件“Lesson4EasyTshark.cpp”)
  
D:\Code\c++\Lesson4EasyTshark\Lesson4EasyTshark\TsharkManager.h(1,1): warning C4828: 文件包含在偏移 0x2db 处开始的字符，该字符在当前源字符集中无效(代码页 65001)。
  (编译源文件“Lesson4EasyTshark.cpp”)
  
D:\Code\c++\Lesson4EasyTshark\Lesson4EasyTshark\TsharkManager.h(1,1): warning C4828: 文件包含在偏移 0x2dc 处开始的字符，该字符在当前源字符集中无效(代码页 65001)。
  (编译源文件“Lesson4EasyTshark.cpp”)
  
D:\Code\c++\Lesson4EasyTshark\Lesson4EasyTshark\TsharkManager.h(1,1): warning C4828: 文件包含在偏移 0x2df 处开始的字符，该字符在当前源字符集中无效(代码页 65001)。
  (编译源文件“Lesson4EasyTshark.cpp”)
  
D:\Code\c++\Lesson4EasyTshark\Lesson4EasyTshark\TsharkManager.h(1,1): warning C4828: 文件包含在偏移 0x2e1 处开始的字符，该字符在当前源字符集中无效(代码页 65001)。
  (编译源文件“Lesson4EasyTshark.cpp”)
  
D:\Code\c++\Lesson4EasyTshark\Lesson4EasyTshark\TsharkManager.h(1,1): warning C4828: 文件包含在偏移 0x2e4 处开始的字符，该字符在当前源字符集中无效(代码页 65001)。
  (编译源文件“Lesson4EasyTshark.cpp”)
  
D:\Code\c++\Lesson4EasyTshark\Lesson4EasyTshark\TsharkManager.h(1,1): warning C4828: 文件包含在偏移 0x2e5 处开始的字符，该字符在当前源字符集中无效(代码页 65001)。
  (编译源文件“Lesson4EasyTshark.cpp”)
  
D:\Code\c++\Lesson4EasyTshark\Lesson4EasyTshark\TsharkManager.h(1,1): warning C4828: 文件包含在偏移 0x2e6 处开始的字符，该字符在当前源字符集中无效(代码页 65001)。
  (编译源文件“Lesson4EasyTshark.cpp”)
  
D:\Code\c++\Lesson4EasyTshark\Lesson4EasyTshark\TsharkManager.h(1,1): warning C4828: 文件包含在偏移 0x2e8 处开始的字符，该字符在当前源字符集中无效(代码页 65001)。
  (编译源文件“Lesson4EasyTshark.cpp”)
  
D:\Code\c++\Lesson4EasyTshark\Lesson4EasyTshark\TsharkManager.h(1,1): warning C4828: 文件包含在偏移 0x2e9 处开始的字符，该字符在当前源字符集中无效(代码页 65001)。
  (编译源文件“Lesson4EasyTshark.cpp”)
  
D:\Code\c++\Lesson4EasyTshark\Lesson4EasyTshark\TsharkManager.h(1,1): warning C4828: 文件包含在偏移 0x2ea 处开始的字符，该字符在当前源字符集中无效(代码页 65001)。
  (编译源文件“Lesson4EasyTshark.cpp”)
  
D:\Code\c++\Lesson4EasyTshark\Lesson4EasyTshark\TsharkManager.h(1,1): warning C4828: 文件包含在偏移 0x2eb 处开始的字符，该字符在当前源字符集中无效(代码页 65001)。
  (编译源文件“Lesson4EasyTshark.cpp”)
  
D:\Code\c++\Lesson4EasyTshark\Lesson4EasyTshark\TsharkManager.h(1,1): warning C4828: 文件包含在偏移 0x2ec 处开始的字符，该字符在当前源字符集中无效(代码页 65001)。
  (编译源文件“Lesson4EasyTshark.cpp”)
  
D:\Code\c++\Lesson4EasyTshark\Lesson4EasyTshark\TsharkManager.h(1,1): warning C4828: 文件包含在偏移 0x2ed 处开始的字符，该字符在当前源字符集中无效(代码页 65001)。
  (编译源文件“Lesson4EasyTshark.cpp”)
  
D:\Code\c++\Lesson4EasyTshark\Lesson4EasyTshark\TsharkManager.h(1,1): warning C4828: 文件包含在偏移 0x2ef 处开始的字符，该字符在当前源字符集中无效(代码页 65001)。
  (编译源文件“Lesson4EasyTshark.cpp”)
  
D:\Code\c++\Lesson4EasyTshark\Lesson4EasyTshark\TsharkManager.h(1,1): warning C4828: 文件包含在偏移 0x2f1 处开始的字符，该字符在当前源字符集中无效(代码页 65001)。
  (编译源文件“Lesson4EasyTshark.cpp”)
  
D:\Code\c++\Lesson4EasyTshark\Lesson4EasyTshark\TsharkManager.h(1,1): warning C4828: 文件包含在偏移 0x2f2 处开始的字符，该字符在当前源字符集中无效(代码页 65001)。
  (编译源文件“Lesson4EasyTshark.cpp”)
  
D:\Code\c++\Lesson4EasyTshark\Lesson4EasyTshark\TsharkManager.h(1,1): warning C4828: 文件包含在偏移 0x35c 处开始的字符，该字符在当前源字符集中无效(代码页 65001)。
  (编译源文件“Lesson4EasyTshark.cpp”)
  
D:\Code\c++\Lesson4EasyTshark\Lesson4EasyTshark\TsharkManager.h(1,1): warning C4828: 文件包含在偏移 0x35d 处开始的字符，该字符在当前源字符集中无效(代码页 65001)。
  (编译源文件“Lesson4EasyTshark.cpp”)
  
D:\Code\c++\Lesson4EasyTshark\Lesson4EasyTshark\TsharkManager.h(1,1): warning C4828: 文件包含在偏移 0x364 处开始的字符，该字符在当前源字符集中无效(代码页 65001)。
  (编译源文件“Lesson4EasyTshark.cpp”)
  
D:\Code\c++\Lesson4EasyTshark\Lesson4EasyTshark\TsharkManager.h(1,1): warning C4828: 文件包含在偏移 0x43d 处开始的字符，该字符在当前源字符集中无效(代码页 65001)。
  (编译源文件“Lesson4EasyTshark.cpp”)
  
D:\Code\c++\Lesson4EasyTshark\Lesson4EasyTshark\TsharkManager.h(1,1): warning C4828: 文件包含在偏移 0x43e 处开始的字符，该字符在当前源字符集中无效(代码页 65001)。
  (编译源文件“Lesson4EasyTshark.cpp”)
  
D:\Code\c++\Lesson4EasyTshark\Lesson4EasyTshark\TsharkManager.h(1,1): warning C4828: 文件包含在偏移 0x441 处开始的字符，该字符在当前源字符集中无效(代码页 65001)。
  (编译源文件“Lesson4EasyTshark.cpp”)
  
D:\Code\c++\Lesson4EasyTshark\Lesson4EasyTshark\TsharkManager.h(1,1): warning C4828: 文件包含在偏移 0x442 处开始的字符，该字符在当前源字符集中无效(代码页 65001)。
  (编译源文件“Lesson4EasyTshark.cpp”)
  
D:\Code\c++\Lesson4EasyTshark\Lesson4EasyTshark\TsharkManager.h(1,1): warning C4828: 文件包含在偏移 0x444 处开始的字符，该字符在当前源字符集中无效(代码页 65001)。
  (编译源文件“Lesson4EasyTshark.cpp”)
  
D:\Code\c++\Lesson4EasyTshark\Lesson4EasyTshark\TsharkManager.h(1,1): warning C4828: 文件包含在偏移 0x44a 处开始的字符，该字符在当前源字符集中无效(代码页 65001)。
  (编译源文件“Lesson4EasyTshark.cpp”)
  
D:\Code\c++\Lesson4EasyTshark\Lesson4EasyTshark\TsharkManager.h(1,1): warning C4828: 文件包含在偏移 0x44d 处开始的字符，该字符在当前源字符集中无效(代码页 65001)。
  (编译源文件“Lesson4EasyTshark.cpp”)
  
D:\Code\c++\Lesson4EasyTshark\Lesson4EasyTshark\TsharkManager.h(1,1): warning C4828: 文件包含在偏移 0x44e 处开始的字符，该字符在当前源字符集中无效(代码页 65001)。
  (编译源文件“Lesson4EasyTshark.cpp”)
  
D:\Code\c++\Lesson4EasyTshark\Lesson4EasyTshark\TsharkManager.h(1,1): warning C4828: 文件包含在偏移 0x47c 处开始的字符，该字符在当前源字符集中无效(代码页 65001)。
  (编译源文件“Lesson4EasyTshark.cpp”)
  
D:\Code\c++\Lesson4EasyTshark\Lesson4EasyTshark\TsharkManager.h(1,1): warning C4828: 文件包含在偏移 0x47d 处开始的字符，该字符在当前源字符集中无效(代码页 65001)。
  (编译源文件“Lesson4EasyTshark.cpp”)
  
D:\Code\c++\Lesson4EasyTshark\Lesson4EasyTshark\TsharkManager.h(1,1): warning C4828: 文件包含在偏移 0x47f 处开始的字符，该字符在当前源字符集中无效(代码页 65001)。
  (编译源文件“Lesson4EasyTshark.cpp”)
  
D:\Code\c++\Lesson4EasyTshark\Lesson4EasyTshark\TsharkManager.h(1,1): warning C4828: 文件包含在偏移 0x483 处开始的字符，该字符在当前源字符集中无效(代码页 65001)。
  (编译源文件“Lesson4EasyTshark.cpp”)
  
D:\Code\c++\Lesson4EasyTshark\Lesson4EasyTshark\TsharkManager.h(1,1): warning C4828: 文件包含在偏移 0x484 处开始的字符，该字符在当前源字符集中无效(代码页 65001)。
  (编译源文件“Lesson4EasyTshark.cpp”)
  
D:\Code\c++\Lesson4EasyTshark\Lesson4EasyTshark\TsharkManager.h(1,1): warning C4828: 文件包含在偏移 0x485 处开始的字符，该字符在当前源字符集中无效(代码页 65001)。
  (编译源文件“Lesson4EasyTshark.cpp”)
  
D:\Code\c++\Lesson4EasyTshark\Lesson4EasyTshark\TsharkManager.h(1,1): warning C4828: 文件包含在偏移 0x487 处开始的字符，该字符在当前源字符集中无效(代码页 65001)。
  (编译源文件“Lesson4EasyTshark.cpp”)
  
D:\Code\c++\Lesson4EasyTshark\Lesson4EasyTshark\TsharkManager.h(1,1): warning C4828: 文件包含在偏移 0x488 处开始的字符，该字符在当前源字符集中无效(代码页 65001)。
  (编译源文件“Lesson4EasyTshark.cpp”)
  
D:\Code\c++\Lesson4EasyTshark\Lesson4EasyTshark\TsharkManager.h(1,1): warning C4828: 文件包含在偏移 0x48a 处开始的字符，该字符在当前源字符集中无效(代码页 65001)。
  (编译源文件“Lesson4EasyTshark.cpp”)
  
D:\Code\c++\Lesson4EasyTshark\Lesson4EasyTshark\TsharkManager.h(1,1): warning C4828: 文件包含在偏移 0x48c 处开始的字符，该字符在当前源字符集中无效(代码页 65001)。
  (编译源文件“Lesson4EasyTshark.cpp”)
  
D:\Code\c++\Lesson4EasyTshark\Lesson4EasyTshark\TsharkManager.h(1,1): warning C4828: 文件包含在偏移 0x48f 处开始的字符，该字符在当前源字符集中无效(代码页 65001)。
  (编译源文件“Lesson4EasyTshark.cpp”)
  
D:\Code\c++\Lesson4EasyTshark\Lesson4EasyTshark\TsharkManager.h(1,1): warning C4828: 文件包含在偏移 0x490 处开始的字符，该字符在当前源字符集中无效(代码页 65001)。
  (编译源文件“Lesson4EasyTshark.cpp”)
  
D:\Code\c++\Lesson4EasyTshark\Lesson4EasyTshark\TsharkManager.h(1,1): warning C4828: 文件包含在偏移 0x494 处开始的字符，该字符在当前源字符集中无效(代码页 65001)。
  (编译源文件“Lesson4EasyTshark.cpp”)
  
D:\Code\c++\Lesson4EasyTshark\Lesson4EasyTshark\TsharkManager.h(1,1): warning C4828: 文件包含在偏移 0x495 处开始的字符，该字符在当前源字符集中无效(代码页 65001)。
  (编译源文件“Lesson4EasyTshark.cpp”)
  
D:\Code\c++\Lesson4EasyTshark\Lesson4EasyTshark\TsharkManager.h(1,1): warning C4828: 文件包含在偏移 0x499 处开始的字符，该字符在当前源字符集中无效(代码页 65001)。
  (编译源文件“Lesson4EasyTshark.cpp”)
  
D:\Code\c++\Lesson4EasyTshark\Lesson4EasyTshark\TsharkManager.h(1,1): warning C4828: 文件包含在偏移 0x49b 处开始的字符，该字符在当前源字符集中无效(代码页 65001)。
  (编译源文件“Lesson4EasyTshark.cpp”)
  
D:\Code\c++\Lesson4EasyTshark\Lesson4EasyTshark\TsharkManager.h(1,1): warning C4828: 文件包含在偏移 0x49d 处开始的字符，该字符在当前源字符集中无效(代码页 65001)。
  (编译源文件“Lesson4EasyTshark.cpp”)
  
D:\Code\c++\Lesson4EasyTshark\Lesson4EasyTshark\TsharkManager.h(1,1): warning C4828: 文件包含在偏移 0x4a0 处开始的字符，该字符在当前源字符集中无效(代码页 65001)。
  (编译源文件“Lesson4EasyTshark.cpp”)
  
D:\Code\c++\Lesson4EasyTshark\Lesson4EasyTshark\TsharkManager.h(1,1): warning C4828: 文件包含在偏移 0x4a3 处开始的字符，该字符在当前源字符集中无效(代码页 65001)。
  (编译源文件“Lesson4EasyTshark.cpp”)
  
D:\Code\c++\Lesson4EasyTshark\Lesson4EasyTshark\TsharkManager.h(1,1): warning C4828: 文件包含在偏移 0x4a4 处开始的字符，该字符在当前源字符集中无效(代码页 65001)。
  (编译源文件“Lesson4EasyTshark.cpp”)
  
D:\Code\c++\Lesson4EasyTshark\Lesson4EasyTshark\TsharkManager.h(1,1): warning C4828: 文件包含在偏移 0x4aa 处开始的字符，该字符在当前源字符集中无效(代码页 65001)。
  (编译源文件“Lesson4EasyTshark.cpp”)
  
D:\Code\c++\Lesson4EasyTshark\Lesson4EasyTshark\TsharkManager.h(1,1): warning C4828: 文件包含在偏移 0x4ac 处开始的字符，该字符在当前源字符集中无效(代码页 65001)。
  (编译源文件“Lesson4EasyTshark.cpp”)
  
D:\Code\c++\Lesson4EasyTshark\Lesson4EasyTshark\TsharkManager.h(1,1): warning C4828: 文件包含在偏移 0x4ae 处开始的字符，该字符在当前源字符集中无效(代码页 65001)。
  (编译源文件“Lesson4EasyTshark.cpp”)
  
D:\Code\c++\Lesson4EasyTshark\Lesson4EasyTshark\TsharkManager.h(1,1): warning C4828: 文件包含在偏移 0x4b1 处开始的字符，该字符在当前源字符集中无效(代码页 65001)。
  (编译源文件“Lesson4EasyTshark.cpp”)
  
D:\Code\c++\Lesson4EasyTshark\Lesson4EasyTshark\TsharkManager.h(1,1): warning C4828: 文件包含在偏移 0x4b2 处开始的字符，该字符在当前源字符集中无效(代码页 65001)。
  (编译源文件“Lesson4EasyTshark.cpp”)
  
D:\Code\c++\Lesson4EasyTshark\Lesson4EasyTshark\TsharkManager.h(1,1): warning C4828: 文件包含在偏移 0x4b8 处开始的字符，该字符在当前源字符集中无效(代码页 65001)。
  (编译源文件“Lesson4EasyTshark.cpp”)
  
D:\Code\c++\Lesson4EasyTshark\Lesson4EasyTshark\TsharkManager.h(1,1): warning C4828: 文件包含在偏移 0x4ba 处开始的字符，该字符在当前源字符集中无效(代码页 65001)。
  (编译源文件“Lesson4EasyTshark.cpp”)
  
D:\Code\c++\Lesson4EasyTshark\Lesson4EasyTshark\TsharkManager.h(1,1): warning C4828: 文件包含在偏移 0x4bb 处开始的字符，该字符在当前源字符集中无效(代码页 65001)。
  (编译源文件“Lesson4EasyTshark.cpp”)
  
D:\Code\c++\Lesson4EasyTshark\Lesson4EasyTshark\TsharkManager.h(1,1): warning C4828: 文件包含在偏移 0x4bc 处开始的字符，该字符在当前源字符集中无效(代码页 65001)。
  (编译源文件“Lesson4EasyTshark.cpp”)
  
D:\Code\c++\Lesson4EasyTshark\Lesson4EasyTshark\TsharkManager.h(1,1): warning C4828: 文件包含在偏移 0x4bd 处开始的字符，该字符在当前源字符集中无效(代码页 65001)。
  (编译源文件“Lesson4EasyTshark.cpp”)
  
D:\Code\c++\Lesson4EasyTshark\Lesson4EasyTshark\TsharkManager.h(1,1): warning C4828: 文件包含在偏移 0x4be 处开始的字符，该字符在当前源字符集中无效(代码页 65001)。
  (编译源文件“Lesson4EasyTshark.cpp”)
  
D:\Code\c++\Lesson4EasyTshark\Lesson4EasyTshark\TsharkManager.h(1,1): warning C4828: 文件包含在偏移 0x4bf 处开始的字符，该字符在当前源字符集中无效(代码页 65001)。
  (编译源文件“Lesson4EasyTshark.cpp”)
  
D:\Code\c++\Lesson4EasyTshark\Lesson4EasyTshark\TsharkManager.h(1,1): warning C4828: 文件包含在偏移 0x4c2 处开始的字符，该字符在当前源字符集中无效(代码页 65001)。
  (编译源文件“Lesson4EasyTshark.cpp”)
  
D:\Code\c++\Lesson4EasyTshark\Lesson4EasyTshark\TsharkManager.h(1,1): warning C4828: 文件包含在偏移 0x4c5 处开始的字符，该字符在当前源字符集中无效(代码页 65001)。
  (编译源文件“Lesson4EasyTshark.cpp”)
  
D:\Code\c++\Lesson4EasyTshark\Lesson4EasyTshark\TsharkManager.h(1,1): warning C4828: 文件包含在偏移 0x4c8 处开始的字符，该字符在当前源字符集中无效(代码页 65001)。
  (编译源文件“Lesson4EasyTshark.cpp”)
  
D:\Code\c++\Lesson4EasyTshark\Lesson4EasyTshark\TsharkManager.h(1,1): warning C4828: 文件包含在偏移 0x4c9 处开始的字符，该字符在当前源字符集中无效(代码页 65001)。
  (编译源文件“Lesson4EasyTshark.cpp”)
  
D:\Code\c++\Lesson4EasyTshark\Lesson4EasyTshark\TsharkManager.h(1,1): warning C4828: 文件包含在偏移 0x4cd 处开始的字符，该字符在当前源字符集中无效(代码页 65001)。
  (编译源文件“Lesson4EasyTshark.cpp”)
  
D:\Code\c++\Lesson4EasyTshark\Lesson4EasyTshark\TsharkManager.h(1,1): warning C4828: 文件包含在偏移 0x4ce 处开始的字符，该字符在当前源字符集中无效(代码页 65001)。
  (编译源文件“Lesson4EasyTshark.cpp”)
  
D:\Code\c++\Lesson4EasyTshark\Lesson4EasyTshark\TsharkManager.h(1,1): warning C4828: 文件包含在偏移 0x4cf 处开始的字符，该字符在当前源字符集中无效(代码页 65001)。
  (编译源文件“Lesson4EasyTshark.cpp”)
  
D:\Code\c++\Lesson4EasyTshark\Lesson4EasyTshark\TsharkManager.h(1,1): warning C4828: 文件包含在偏移 0x4d0 处开始的字符，该字符在当前源字符集中无效(代码页 65001)。
  (编译源文件“Lesson4EasyTshark.cpp”)
  
D:\Code\c++\Lesson4EasyTshark\Lesson4EasyTshark\TsharkManager.h(1,1): warning C4828: 文件包含在偏移 0x4d2 处开始的字符，该字符在当前源字符集中无效(代码页 65001)。
  (编译源文件“Lesson4EasyTshark.cpp”)
  
D:\Code\c++\Lesson4EasyTshark\Lesson4EasyTshark\TsharkManager.h(1,1): warning C4828: 文件包含在偏移 0x4d5 处开始的字符，该字符在当前源字符集中无效(代码页 65001)。
  (编译源文件“Lesson4EasyTshark.cpp”)
  
D:\Code\c++\Lesson4EasyTshark\Lesson4EasyTshark\TsharkManager.h(1,1): warning C4828: 文件包含在偏移 0x4d6 处开始的字符，该字符在当前源字符集中无效(代码页 65001)。
  (编译源文件“Lesson4EasyTshark.cpp”)
  
D:\Code\c++\Lesson4EasyTshark\Lesson4EasyTshark\tshark_datatype.h(1,1): warning C4828: 文件包含在偏移 0x200 处开始的字符，该字符在当前源字符集中无效(代码页 65001)。
  (编译源文件“Lesson4EasyTshark.cpp”)
  
D:\Code\c++\Lesson4EasyTshark\Lesson4EasyTshark\tshark_datatype.h(1,1): warning C4828: 文件包含在偏移 0x201 处开始的字符，该字符在当前源字符集中无效(代码页 65001)。
  (编译源文件“Lesson4EasyTshark.cpp”)
  
D:\Code\c++\Lesson4EasyTshark\Lesson4EasyTshark\tshark_datatype.h(1,1): warning C4828: 文件包含在偏移 0x205 处开始的字符，该字符在当前源字符集中无效(代码页 65001)。
  (编译源文件“Lesson4EasyTshark.cpp”)
  
D:\Code\c++\Lesson4EasyTshark\Lesson4EasyTshark\tshark_datatype.h(1,1): warning C4828: 文件包含在偏移 0x2de 处开始的字符，该字符在当前源字符集中无效(代码页 65001)。
  (编译源文件“Lesson4EasyTshark.cpp”)
  
D:\Code\c++\Lesson4EasyTshark\Lesson4EasyTshark\tshark_datatype.h(1,1): warning C4828: 文件包含在偏移 0x2df 处开始的字符，该字符在当前源字符集中无效(代码页 65001)。
  (编译源文件“Lesson4EasyTshark.cpp”)
  
D:\Code\c++\Lesson4EasyTshark\Lesson4EasyTshark\tshark_datatype.h(1,1): warning C4828: 文件包含在偏移 0x2e5 处开始的字符，该字符在当前源字符集中无效(代码页 65001)。
  (编译源文件“Lesson4EasyTshark.cpp”)
  
D:\Code\c++\Lesson4EasyTshark\Lesson4EasyTshark\tshark_datatype.h(1,1): warning C4828: 文件包含在偏移 0x2e6 处开始的字符，该字符在当前源字符集中无效(代码页 65001)。
  (编译源文件“Lesson4EasyTshark.cpp”)
  
D:\Code\c++\Lesson4EasyTshark\Lesson4EasyTshark\tshark_datatype.h(1,1): warning C4828: 文件包含在偏移 0x2ea 处开始的字符，该字符在当前源字符集中无效(代码页 65001)。
  (编译源文件“Lesson4EasyTshark.cpp”)
  
D:\Code\c++\Lesson4EasyTshark\Lesson4EasyTshark\tshark_datatype.h(1,1): warning C4828: 文件包含在偏移 0x2ec 处开始的字符，该字符在当前源字符集中无效(代码页 65001)。
  (编译源文件“Lesson4EasyTshark.cpp”)
  
D:\Code\c++\Lesson4EasyTshark\Lesson4EasyTshark\tshark_datatype.h(1,1): warning C4828: 文件包含在偏移 0x2ed 处开始的字符，该字符在当前源字符集中无效(代码页 65001)。
  (编译源文件“Lesson4EasyTshark.cpp”)
  
D:\Code\c++\Lesson4EasyTshark\Lesson4EasyTshark\tshark_datatype.h(1,1): warning C4828: 文件包含在偏移 0x2ef 处开始的字符，该字符在当前源字符集中无效(代码页 65001)。
  (编译源文件“Lesson4EasyTshark.cpp”)
  
  Lesson4EasyTshark.vcxproj -> D:\Code\c++\Lesson4EasyTshark\x64\Debug\Lesson4EasyTshark.exe
